  ast.cpp
C:\C 16 Pankiv\spkursova_16_Pankiv\spkursova_16_Pankiv\ast.cpp(158,99): warning C4018: '<': signed/unsigned mismatch
  codegen.cpp
C:\C 16 Pankiv\spkursova_16_Pankiv\spkursova_16_Pankiv\codegen.cpp(87,16): warning C4018: '<': signed/unsigned mismatch
C:\C 16 Pankiv\spkursova_16_Pankiv\spkursova_16_Pankiv\codegen.cpp(92,13): warning C4018: '>=': signed/unsigned mismatch
C:\C 16 Pankiv\spkursova_16_Pankiv\spkursova_16_Pankiv\codegen.cpp(114,99): warning C4018: '<': signed/unsigned mismatch
C:\C 16 Pankiv\spkursova_16_Pankiv\spkursova_16_Pankiv\codegen.cpp(292,46): warning C4018: '<': signed/unsigned mismatch
C:\C 16 Pankiv\spkursova_16_Pankiv\spkursova_16_Pankiv\codegen.cpp(335,50): warning C4018: '<': signed/unsigned mismatch
C:\C 16 Pankiv\spkursova_16_Pankiv\spkursova_16_Pankiv\codegen.cpp(375,16): warning C4018: '<': signed/unsigned mismatch
  codegenfromast.cpp
  compile.cpp
C:\C 16 Pankiv\spkursova_16_Pankiv\spkursova_16_Pankiv\compile.cpp(105,21): warning C4477: 'wprintf' : format string '%s' requires an argument of type 'wchar_t *', but variadic argument 1 has type 'const char *'
C:\C 16 Pankiv\spkursova_16_Pankiv\spkursova_16_Pankiv\compile.cpp(105,21): message : consider using '%hs' in the format string
C:\C 16 Pankiv\spkursova_16_Pankiv\spkursova_16_Pankiv\compile.cpp(105,21): message : consider using '%Ts' in the format string
C:\C 16 Pankiv\spkursova_16_Pankiv\spkursova_16_Pankiv\compile.cpp(105,21): message : this warning is based on non-standard semantics used by Visual C++
  lexer.cpp
  main.cpp
  parser.cpp
C:\C 16 Pankiv\spkursova_16_Pankiv\spkursova_16_Pankiv\parser.cpp(120,99): warning C4018: '<': signed/unsigned mismatch
  Generating Code...
  spkursova_16_Pankiv.vcxproj -> C:\C 16 Pankiv\spkursova_16_Pankiv\x64\Debug\spkursova_16_Pankiv.exe
